<h1>Nette::Debug recoverable error test</h1>


<pre>
Invalid argument #1
InvalidArgumentException: Argument 1 passed to TestClass::test1() must be an array, string given, called in D:\Web\nette\_trunk\tests\Debug\test.recoverable.php on line 39 and defined

Invalid argument #2
InvalidArgumentException: Argument 1 passed to TestClass::test2() must be an instance of TestClass, string given, called in D:\Web\nette\_trunk\tests\Debug\test.recoverable.php on line 46 and defined

Invalid toString
Exception: Method TestClass::__toString() must return a string value

